<?xml version="1.0" encoding="UTF-8"?>
<!-- Generated by org.testng.reporters.JUnitReportReporter -->
<testsuite hostname="DESKTOP-U61G2IH" failures="0" tests="1" name="TestCases.JenkinsExecution" time="6.275" errors="0" timestamp="28 May 2023 13:44:16 GMT" skipped="0">
  <testcase classname="TestCases.JenkinsExecution" name="launchchrome" time="6.275"/>
</testsuite> <!-- TestCases.JenkinsExecution -->
